INFO: 2022-02-28 21:37:53,228 日志配置成功
INFO: 2022-02-28 21:37:53,722 日志配置成功
INFO: 2022-02-28 21:40:02,831 获取token成功!
ERROR: 2022-02-28 21:40:02,837 接口连接失败, 错误提示 request() missing 1 required positional argument: 'method'
INFO: 2022-02-28 21:42:25,724 日志配置成功
INFO: 2022-02-28 21:42:26,209 日志配置成功
INFO: 2022-02-28 21:42:56,323 获取token成功, 直接从redis读取
INFO: 2022-02-28 21:44:04,167 日志配置成功
INFO: 2022-02-28 21:44:04,483 日志配置成功
INFO: 2022-02-28 21:44:08,361 获取token成功, 直接从redis读取
DEBUG: 2022-02-28 21:44:08,532 {'timestamp': '2022-02-28 21:44:08', 'status': 404, 'error': 'Not Found', 'message': 'No message available', 'path': '/admin/private/jomoo/v1/getHotQuestion'}
INFO: 2022-02-28 21:45:40,841 日志配置成功
INFO: 2022-02-28 21:46:24,973 日志配置成功
INFO: 2022-02-28 21:47:21,745 日志配置成功
INFO: 2022-02-28 21:47:47,999 日志配置成功
INFO: 2022-02-28 21:47:59,040 日志配置成功
INFO: 2022-02-28 21:48:36,193 日志配置成功
INFO: 2022-02-28 21:49:03,341 日志配置成功
INFO: 2022-02-28 21:50:12,067 日志配置成功
INFO: 2022-02-28 21:51:22,482 日志配置成功
INFO: 2022-03-01 08:43:14,783 日志配置成功
INFO: 2022-03-01 08:48:51,483 日志配置成功
INFO: 2022-03-01 08:51:54,323 日志配置成功
INFO: 2022-03-01 08:53:26,997 日志配置成功
INFO: 2022-03-01 08:54:01,918 日志配置成功
INFO: 2022-03-01 09:02:04,868 日志配置成功
INFO: 2022-03-01 09:03:06,872 日志配置成功
INFO: 2022-03-01 09:03:49,625 日志配置成功
INFO: 2022-03-01 09:04:54,877 日志配置成功
INFO: 2022-03-01 09:05:26,016 日志配置成功
INFO: 2022-03-01 09:06:07,403 日志配置成功
INFO: 2022-03-01 09:08:43,823 日志配置成功
INFO: 2022-03-01 09:11:40,567 日志配置成功
INFO: 2022-03-01 09:13:27,069 日志配置成功
INFO: 2022-03-01 09:13:37,375 获取token成功!
DEBUG: 2022-03-01 09:13:39,709 {'timestamp': '2022-03-01 09:13:40', 'status': 404, 'error': 'Not Found', 'message': 'No message available', 'path': '/admin/private/jomoo/v1/getHotQuestion'}
ERROR: 2022-03-01 09:13:39,709 第三方接口连接失败
INFO: 2022-03-01 09:14:48,218 日志配置成功
INFO: 2022-03-01 09:16:31,664 日志配置成功
INFO: 2022-03-01 09:16:32,216 获取token成功, 直接从redis读取
ERROR: 2022-03-01 09:16:32,280 接口返回了错误的信息,
INFO: 2022-03-01 09:17:46,283 日志配置成功
INFO: 2022-03-01 09:18:18,057 日志配置成功
INFO: 2022-03-01 09:19:07,162 日志配置成功
INFO: 2022-03-01 09:22:30,886 日志配置成功
INFO: 2022-03-01 09:23:50,974 日志配置成功
INFO: 2022-03-01 09:24:25,933 日志配置成功
INFO: 2022-03-01 09:28:20,834 日志配置成功
INFO: 2022-03-01 09:29:10,875 日志配置成功
INFO: 2022-03-01 09:29:35,748 日志配置成功
INFO: 2022-03-01 09:29:53,236 日志配置成功
INFO: 2022-03-01 09:30:14,685 日志配置成功
INFO: 2022-03-01 09:31:09,813 日志配置成功
INFO: 2022-03-01 09:33:25,682 日志配置成功
INFO: 2022-03-01 09:34:06,225 日志配置成功
INFO: 2022-03-01 09:35:10,275 日志配置成功
INFO: 2022-03-01 09:39:45,438 日志配置成功
INFO: 2022-03-01 09:40:43,321 日志配置成功
INFO: 2022-03-01 09:42:14,819 日志配置成功
INFO: 2022-03-01 09:42:41,165 日志配置成功
INFO: 2022-03-01 09:43:46,655 日志配置成功
INFO: 2022-03-01 09:44:47,004 日志配置成功
INFO: 2022-03-01 09:48:58,301 日志配置成功
INFO: 2022-03-01 09:59:02,944 日志配置成功
INFO: 2022-03-01 09:59:12,490 日志配置成功
INFO: 2022-03-01 10:06:34,033 日志配置成功
INFO: 2022-03-01 10:08:15,406 日志配置成功
INFO: 2022-03-01 10:16:53,351 日志配置成功
INFO: 2022-03-01 10:30:07,734 日志配置成功
INFO: 2022-03-01 10:30:37,617 日志配置成功
INFO: 2022-03-01 10:34:31,883 日志配置成功
INFO: 2022-03-01 10:41:01,985 日志配置成功
INFO: 2022-03-01 10:53:51,749 日志配置成功
INFO: 2022-03-01 10:54:50,212 日志配置成功
INFO: 2022-03-01 10:55:33,217 日志配置成功
INFO: 2022-03-01 13:33:45,421 日志配置成功
INFO: 2022-03-01 13:36:48,611 日志配置成功
INFO: 2022-03-01 13:37:17,482 日志配置成功
INFO: 2022-03-01 13:37:27,918 日志配置成功
INFO: 2022-03-01 13:38:33,825 日志配置成功
INFO: 2022-03-01 13:39:39,061 日志配置成功
INFO: 2022-03-01 13:39:48,905 日志配置成功
INFO: 2022-03-01 13:39:58,266 日志配置成功
INFO: 2022-03-01 13:40:16,193 日志配置成功
INFO: 2022-03-01 13:40:44,159 日志配置成功
INFO: 2022-03-01 13:40:51,519 日志配置成功
INFO: 2022-03-01 13:41:37,830 日志配置成功
INFO: 2022-03-01 13:42:00,104 日志配置成功
INFO: 2022-03-01 13:42:16,043 日志配置成功
INFO: 2022-03-01 13:44:00,793 日志配置成功
INFO: 2022-03-01 13:44:11,771 日志配置成功
INFO: 2022-03-01 13:44:19,617 日志配置成功
INFO: 2022-03-01 13:44:35,317 日志配置成功
INFO: 2022-03-01 13:45:10,335 日志配置成功
INFO: 2022-03-01 13:45:49,295 日志配置成功
INFO: 2022-03-01 13:46:14,794 日志配置成功
INFO: 2022-03-01 13:46:44,813 日志配置成功
INFO: 2022-03-01 13:47:07,448 日志配置成功
INFO: 2022-03-01 13:47:50,125 日志配置成功
INFO: 2022-03-01 13:51:51,206 日志配置成功
INFO: 2022-03-01 13:51:51,996 初始化数据库表
INFO: 2022-03-01 13:52:20,122 日志配置成功
INFO: 2022-03-01 13:52:20,745 初始化数据库表成功!
INFO: 2022-03-01 13:58:11,315 日志配置成功
INFO: 2022-03-01 13:58:11,787 初始化数据库表成功!
INFO: 2022-03-01 14:00:07,374 日志配置成功
INFO: 2022-03-01 14:01:39,602 日志配置成功
INFO: 2022-03-01 14:01:40,296 初始化数据库表成功!
INFO: 2022-03-01 14:03:36,751 日志配置成功
INFO: 2022-03-01 14:03:37,222 初始化数据库表成功!
INFO: 2022-03-01 14:04:01,172 日志配置成功
INFO: 2022-03-01 14:04:01,665 初始化数据库表成功!
INFO: 2022-03-01 14:09:29,978 日志配置成功
INFO: 2022-03-01 14:09:30,765 初始化数据库表成功!
INFO: 2022-03-01 14:14:43,167 日志配置成功
INFO: 2022-03-01 14:14:43,919 初始化数据库表成功!
INFO: 2022-03-01 14:14:58,503 日志配置成功
INFO: 2022-03-01 14:14:59,094 初始化数据库表成功!
INFO: 2022-03-01 14:17:41,708 日志配置成功
INFO: 2022-03-01 14:17:42,499 初始化数据库表成功!
INFO: 2022-03-01 14:18:47,209 日志配置成功
INFO: 2022-03-01 14:18:47,763 初始化数据库表成功!
INFO: 2022-03-01 14:19:36,968 日志配置成功
INFO: 2022-03-01 14:19:37,730 初始化数据库表成功!
INFO: 2022-03-01 14:20:38,589 日志配置成功
INFO: 2022-03-01 14:20:39,332 初始化数据库表成功!
INFO: 2022-03-01 14:20:43,348 新建数据成功!
INFO: 2022-03-01 14:35:10,139 日志配置成功
INFO: 2022-03-01 14:36:00,614 日志配置成功
INFO: 2022-03-01 14:36:01,423 初始化数据库表成功!
INFO: 2022-03-01 14:37:58,289 日志配置成功
INFO: 2022-03-01 14:42:57,098 日志配置成功
INFO: 2022-03-01 14:52:38,670 日志配置成功
INFO: 2022-03-01 14:53:02,079 日志配置成功
INFO: 2022-03-01 14:54:00,382 日志配置成功
INFO: 2022-03-01 14:54:00,928 初始化数据库表成功!
INFO: 2022-03-01 14:54:25,778 日志配置成功
INFO: 2022-03-01 14:54:26,423 初始化数据库表成功!
INFO: 2022-03-01 14:54:56,262 日志配置成功
INFO: 2022-03-01 14:54:56,796 初始化数据库表成功!
INFO: 2022-03-01 14:55:30,009 日志配置成功
INFO: 2022-03-01 14:55:30,520 初始化数据库表成功!
INFO: 2022-03-01 15:09:06,445 日志配置成功
INFO: 2022-03-01 15:09:07,327 初始化数据库表成功!
INFO: 2022-03-01 15:09:42,117 日志配置成功
INFO: 2022-03-01 15:09:42,779 初始化数据库表成功!
INFO: 2022-03-01 15:10:20,220 日志配置成功
INFO: 2022-03-01 15:10:20,762 初始化数据库表成功!
INFO: 2022-03-01 15:11:08,964 日志配置成功
INFO: 2022-03-01 15:11:09,429 初始化数据库表成功!
INFO: 2022-03-01 15:11:30,085 日志配置成功
INFO: 2022-03-01 15:12:05,233 日志配置成功
INFO: 2022-03-01 15:12:05,750 初始化数据库表成功!
INFO: 2022-03-01 15:13:37,148 日志配置成功
INFO: 2022-03-01 15:13:37,630 初始化数据库表成功!
INFO: 2022-03-01 15:15:49,996 日志配置成功
INFO: 2022-03-01 15:15:50,638 初始化数据库表成功!
INFO: 2022-03-01 15:16:49,876 日志配置成功
INFO: 2022-03-01 15:16:50,353 初始化数据库表成功!
INFO: 2022-03-01 15:17:01,091 日志配置成功
INFO: 2022-03-01 15:17:01,589 初始化数据库表成功!
INFO: 2022-03-01 15:27:11,418 问题: [测试] 已提交过反馈, 无须再次提交
INFO: 2022-03-01 15:32:45,818 日志配置成功
INFO: 2022-03-01 15:32:46,587 初始化数据库表成功!
DEBUG: 2022-03-01 15:32:49,541 查询结果: SELECT feedbacks.question AS feedbacks_question, feedbacks.feedback AS feedbacks_feedback, feedbacks.agent AS feedbacks_agent 
FROM feedbacks 
WHERE feedbacks.question = %s
INFO: 2022-03-01 15:32:49,541 问题: [测试] 已提交过反馈, 无须再次提交
INFO: 2022-03-01 15:33:55,384 日志配置成功
INFO: 2022-03-01 15:33:56,145 初始化数据库表成功!
INFO: 2022-03-01 15:35:01,418 日志配置成功
INFO: 2022-03-01 15:35:02,065 初始化数据库表成功!
INFO: 2022-03-01 15:35:41,424 日志配置成功
INFO: 2022-03-01 15:35:42,011 初始化数据库表成功!
INFO: 2022-03-01 15:36:30,003 日志配置成功
INFO: 2022-03-01 15:37:06,619 日志配置成功
INFO: 2022-03-01 15:37:07,096 初始化数据库表成功!
DEBUG: 2022-03-01 15:37:10,083 查询结果: EXISTS (SELECT 1 
FROM feedbacks 
WHERE feedbacks.question = :question_1)
INFO: 2022-03-01 15:37:46,559 日志配置成功
INFO: 2022-03-01 15:37:47,026 初始化数据库表成功!
INFO: 2022-03-01 15:38:08,346 日志配置成功
INFO: 2022-03-01 15:38:08,893 初始化数据库表成功!
INFO: 2022-03-01 15:39:46,970 日志配置成功
INFO: 2022-03-01 15:39:47,814 初始化数据库表成功!
INFO: 2022-03-01 15:40:48,284 日志配置成功
INFO: 2022-03-01 15:41:33,980 日志配置成功
INFO: 2022-03-01 15:41:34,739 初始化数据库表成功!
INFO: 2022-03-01 15:44:22,708 日志配置成功
INFO: 2022-03-01 15:44:23,467 初始化数据库表成功!
DEBUG: 2022-03-01 15:44:58,629 查询结果: None
INFO: 2022-03-01 15:44:58,629 提交反馈成功
INFO: 2022-03-01 15:46:04,445 日志配置成功
INFO: 2022-03-01 15:46:05,193 初始化数据库表成功!
INFO: 2022-03-01 15:46:43,318 日志配置成功
INFO: 2022-03-01 15:46:44,087 初始化数据库表成功!
DEBUG: 2022-03-01 15:46:59,090 查询结果: None
INFO: 2022-03-01 15:46:59,090 提交反馈成功
INFO: 2022-03-01 15:47:19,218 日志配置成功
INFO: 2022-03-01 15:47:19,883 初始化数据库表成功!
DEBUG: 2022-03-01 15:47:19,916 查询结果: None
INFO: 2022-03-01 15:47:19,917 提交反馈成功
INFO: 2022-03-01 15:48:18,202 新建数据成功!
INFO: 2022-03-01 15:50:47,046 日志配置成功
INFO: 2022-03-01 15:50:47,591 初始化数据库表成功!
INFO: 2022-03-01 15:50:48,625 新建数据成功!
INFO: 2022-03-01 16:05:23,907 日志配置成功
INFO: 2022-03-01 16:05:24,098 日志配置成功
INFO: 2022-03-01 16:05:24,867 初始化数据库表成功!
INFO: 2022-03-01 16:05:50,459 日志配置成功
INFO: 2022-03-01 16:05:51,122 日志配置成功
INFO: 2022-03-01 16:05:51,664 初始化数据库表成功!
INFO: 2022-03-01 16:35:20,928 日志配置成功
INFO: 2022-03-01 16:35:21,753 初始化数据库表成功!
INFO: 2022-03-01 16:36:53,239 日志配置成功
INFO: 2022-03-01 16:36:53,882 初始化数据库表成功!
INFO: 2022-03-01 16:37:11,040 日志配置成功
INFO: 2022-03-01 16:37:11,599 初始化数据库表成功!
INFO: 2022-03-01 16:38:24,277 日志配置成功
INFO: 2022-03-01 16:38:24,819 初始化数据库表成功!
INFO: 2022-03-01 16:39:37,028 日志配置成功
INFO: 2022-03-01 16:39:37,490 初始化数据库表成功!
INFO: 2022-03-01 16:51:29,671 日志配置成功
INFO: 2022-03-01 16:51:30,428 初始化数据库表成功!
INFO: 2022-03-01 17:01:19,007 日志配置成功
INFO: 2022-03-01 17:01:19,725 初始化数据库表成功!
INFO: 2022-03-01 17:01:23,832 数据已经存在, 将不会提交或更新
INFO: 2022-03-01 17:01:39,293 新建数据成功!
INFO: 2022-03-01 17:01:44,265 数据已经存在, 将不会提交或更新
DEBUG: 2022-03-01 17:04:16,754 查询结果: None
INFO: 2022-03-01 17:04:16,754 提交反馈成功
INFO: 2022-03-01 17:04:35,028 日志配置成功
INFO: 2022-03-01 17:04:35,806 初始化数据库表成功!
DEBUG: 2022-03-01 17:04:35,832 查询结果: None
INFO: 2022-03-01 17:04:35,833 提交反馈成功
DEBUG: 2022-03-01 17:04:39,435 查询结果: <app.db.models.Feedback object at 0x105dd4fd0>
INFO: 2022-03-01 17:04:39,435 问题: [测试] 已提交过反馈, 无须再次提交
DEBUG: 2022-03-01 17:04:40,828 查询结果: <app.db.models.Feedback object at 0x105d3c280>
INFO: 2022-03-01 17:04:40,828 问题: [测试] 已提交过反馈, 无须再次提交
DEBUG: 2022-03-01 17:04:41,635 查询结果: <app.db.models.Feedback object at 0x105dd4df0>
INFO: 2022-03-01 17:04:41,635 问题: [测试] 已提交过反馈, 无须再次提交
DEBUG: 2022-03-01 17:04:42,260 查询结果: <app.db.models.Feedback object at 0x105d3c2b0>
INFO: 2022-03-01 17:04:42,261 问题: [测试] 已提交过反馈, 无须再次提交
DEBUG: 2022-03-01 17:04:42,767 查询结果: <app.db.models.Feedback object at 0x105dd4d30>
INFO: 2022-03-01 17:04:42,767 问题: [测试] 已提交过反馈, 无须再次提交
DEBUG: 2022-03-01 17:04:43,919 查询结果: <app.db.models.Feedback object at 0x105d3c400>
INFO: 2022-03-01 17:04:43,920 问题: [测试] 已提交过反馈, 无须再次提交
INFO: 2022-03-01 17:07:56,880 日志配置成功
INFO: 2022-03-01 17:08:40,907 日志配置成功
INFO: 2022-03-01 17:09:02,742 日志配置成功
INFO: 2022-03-01 17:09:08,603 日志配置成功
INFO: 2022-03-01 17:09:25,241 日志配置成功
INFO: 2022-03-01 17:09:37,976 日志配置成功
INFO: 2022-03-01 17:10:02,719 日志配置成功
INFO: 2022-03-01 17:10:21,310 日志配置成功
INFO: 2022-03-01 17:11:05,205 日志配置成功
INFO: 2022-03-01 17:11:06,055 初始化数据库表成功!
INFO: 2022-03-01 17:11:40,606 日志配置成功
INFO: 2022-03-01 17:11:41,436 初始化数据库表成功!
INFO: 2022-03-01 17:13:56,924 日志配置成功
INFO: 2022-03-01 17:13:57,470 初始化数据库表成功!
INFO: 2022-03-01 17:14:28,600 日志配置成功
INFO: 2022-03-01 17:14:29,074 初始化数据库表成功!
INFO: 2022-03-01 17:14:48,806 日志配置成功
INFO: 2022-03-01 17:14:57,826 日志配置成功
INFO: 2022-03-01 17:15:54,879 日志配置成功
INFO: 2022-03-01 17:15:55,635 初始化数据库表成功!
INFO: 2022-03-01 17:16:06,591 日志配置成功
INFO: 2022-03-01 17:16:07,167 初始化数据库表成功!
INFO: 2022-03-01 17:18:26,567 日志配置成功
INFO: 2022-03-01 17:18:27,344 初始化数据库表成功!
INFO: 2022-03-01 17:18:54,554 日志配置成功
INFO: 2022-03-01 17:18:55,177 初始化数据库表成功!
INFO: 2022-03-01 17:19:23,352 日志配置成功
INFO: 2022-03-01 17:19:23,918 初始化数据库表成功!
INFO: 2022-03-01 17:20:16,525 日志配置成功
INFO: 2022-03-01 17:20:26,230 日志配置成功
INFO: 2022-03-01 20:28:42,898 日志配置成功
INFO: 2022-03-01 20:30:53,432 日志配置成功
INFO: 2022-03-01 20:30:54,175 初始化数据库表成功!
INFO: 2022-03-01 20:34:00,113 日志配置成功
INFO: 2022-03-01 20:34:01,073 初始化数据库表成功!
INFO: 2022-03-01 20:34:39,373 日志配置成功
INFO: 2022-03-01 20:34:40,129 初始化数据库表成功!
INFO: 2022-03-01 20:39:38,561 日志配置成功
INFO: 2022-03-01 20:39:39,345 初始化数据库表成功!
DEBUG: 2022-03-01 20:39:47,118 查询结果: None
INFO: 2022-03-01 20:39:47,118 提交反馈成功
ERROR: 2022-03-01 20:39:47,343 请求第三方接口失败! 错误提示: [Errno Expecting value] <html>
<head><title>403 Forbidden</title></head>
<body>
<center><h1>403 Forbidden</h1></center>
<hr><center>nginx</center>
</body>
</html>
: 0
INFO: 2022-03-01 20:43:40,081 日志配置成功
INFO: 2022-03-01 20:43:41,010 初始化数据库表成功!
INFO: 2022-03-01 20:49:04,562 日志配置成功
INFO: 2022-03-01 20:58:05,525 日志配置成功
INFO: 2022-03-01 20:58:06,351 初始化数据库表成功!
INFO: 2022-03-01 21:02:37,055 获取token成功!
ERROR: 2022-03-01 21:02:37,162 接口返回了错误的信息,
INFO: 2022-03-01 21:05:24,184 日志配置成功
INFO: 2022-03-01 21:05:24,718 初始化数据库表成功!
INFO: 2022-03-01 21:08:01,883 获取token成功, 直接从redis读取
ERROR: 2022-03-01 21:08:02,025 请求云问接口失败! 请检查接口是否连通, 错误提示: error() missing 1 required positional argument: 'msg'
INFO: 2022-03-01 21:10:49,657 日志配置成功
INFO: 2022-03-01 21:10:50,437 初始化数据库表成功!
INFO: 2022-03-01 21:10:52,860 获取token成功, 直接从redis读取
ERROR: 2022-03-01 21:10:52,935 接口请求错误
INFO: 2022-03-01 21:11:40,974 日志配置成功
INFO: 2022-03-01 21:11:41,907 初始化数据库表成功!
INFO: 2022-03-01 21:11:49,465 获取token成功, 直接从redis读取
INFO: 2022-03-01 21:11:49,539 请求第三方接口成功
