INFO:日志配置成功 2022-02-27 10:11:29,671
INFO: 2022-02-27 10:12:10,057 日志配置成功
INFO: 2022-02-27 10:12:31,537 日志配置成功
INFO: 2022-02-27 10:12:31,552 获取token成功, 直接从redis读取
INFO: 2022-02-28 21:37:53,722 日志配置成功
INFO: 2022-02-28 21:40:02,831 获取token成功!
INFO: 2022-02-28 21:42:26,209 日志配置成功
INFO: 2022-02-28 21:42:56,323 获取token成功, 直接从redis读取
INFO: 2022-02-28 21:44:04,483 日志配置成功
INFO: 2022-02-28 21:44:08,361 获取token成功, 直接从redis读取
INFO: 2022-03-01 09:13:37,375 获取token成功!
INFO: 2022-03-01 09:16:32,216 获取token成功, 直接从redis读取
ERROR: 2022-03-01 20:39:47,343 请求第三方接口失败! 错误提示: [Errno Expecting value] <html>
<head><title>403 Forbidden</title></head>
<body>
<center><h1>403 Forbidden</h1></center>
<hr><center>nginx</center>
</body>
</html>
: 0
INFO: 2022-03-01 21:02:37,055 获取token成功!
INFO: 2022-03-01 21:08:01,883 获取token成功, 直接从redis读取
INFO: 2022-03-01 21:10:52,860 获取token成功, 直接从redis读取
INFO: 2022-03-01 21:11:49,465 获取token成功, 直接从redis读取
INFO: 2022-03-02 09:23:00,972 获取token成功!
INFO: 2022-03-02 10:50:17,072 获取token成功!
INFO: 2022-03-02 14:40:28,165 获取token成功!
INFO: 2022-03-02 16:22:54,606 获取token成功!
INFO: 2022-03-02 16:23:10,606 获取token成功, 直接从redis读取
INFO: 2022-03-02 16:24:59,546 获取token成功, 直接从redis读取
INFO: 2022-03-02 16:26:46,638 获取token成功, 直接从redis读取
INFO: 2022-03-02 16:28:04,536 获取token成功, 直接从redis读取
ERROR: 2022-03-14 10:23:18,136 获取token失败,请求接口失败! 错误提示: [Errno Expecting value] <html>
<head><title>502 Bad Gateway</title></head>
<body>
<center><h1>502 Bad Gateway</h1></center>
<hr><center>nginx</center>
</body>
</html>
: 0
ERROR: 2022-03-14 15:02:35,933 获取token失败,请求接口失败! 错误提示: [Errno Expecting value] <html>
<head><title>502 Bad Gateway</title></head>
<body>
<center><h1>502 Bad Gateway</h1></center>
<hr><center>nginx</center>
</body>
</html>
: 0
